<?xml version="1.0" encoding="UTF-8"?>
<!-- Generated by org.testng.reporters.JUnitXMLReporter -->
<testsuite ignored="0" hostname="DESKTOP-FOKO1P1" failures="0" tests="4" name="Default test" time="51.759" errors="0" timestamp="2024-07-14T14:23:34 BDT">
  <testcase classname="qa.testcases.AllUrlWithStatusCodeTest" name="totalLinkTest" time="10.962"/>
  <testcase classname="qa.testcases.AllUrlWithStatusCodeTest" name="searchUrls" time="14.687"/>
  <testcase classname="qa.testcases.AllUrlWithStatusCodeTest" name="testUrlResponseCodes" time="21.125"/>
  <testcase classname="qa.testcases.AllUrlWithStatusCodeTest" name="removeDuplicateResponseCodes" time="0.016"/>
</testsuite> <!-- Default test -->
