<?xml version="1.0" encoding="UTF-8"?>
<!-- Generated by org.testng.reporters.JUnitXMLReporter -->
<testsuite ignored="0" hostname="DESKTOP-FOKO1P1" failures="0" tests="12" name="Test" time="189.721" errors="0" timestamp="2024-07-15T14:22:55 BDT">
  <testcase classname="qa.testcases.LanguageWithUrlTest" name="FrançaisLang_Test" time="7.378"/>
  <testcase classname="qa.testcases.LanguageWithUrlTest" name="EspañolLang_Test" time="16.034"/>
  <testcase classname="qa.testcases.LanguageWithUrlTest" name="italianoLang_Test" time="11.401"/>
  <testcase classname="qa.testcases.LanguageWithUrlTest" name="kРусскийLang_Test" time="6.596"/>
  <testcase classname="qa.testcases.LanguageWithUrlTest" name="हिंदीLang_Test" time="6.641"/>
  <testcase classname="qa.testcases.LanguageWithUrlTest" name="IndonesiaLang_Test" time="7.495"/>
  <testcase classname="qa.testcases.LanguageWithUrlTest" name="jaLang_Test" time="7.969"/>
  <testcase classname="qa.testcases.LanguageWithUrlTest" name="FilipinoLang_Test" time="10.091"/>
  <testcase classname="qa.testcases.LanguageWithUrlTest" name="普通话Lang_Test" time="8.525"/>
  <testcase classname="qa.testcases.LanguageWithUrlTest" name="EnglishLang_Test" time="5.21"/>
  <testcase classname="qa.testcases.FoodCategoryTest" name="CuisinesFoodCategoryTest" time="31.36"/>
  <testcase classname="qa.testcases.FoodCategoryTest" name="DietFoodCategoryTest" time="26.242"/>
</testsuite> <!-- Test -->
